{
  "stats": {
    "suites": 3,
    "tests": 3,
    "passes": 3,
    "pending": 0,
    "failures": 0,
    "start": "2024-10-23T13:43:14.754Z",
    "end": "2024-10-23T13:43:14.787Z",
    "duration": 33,
    "testsRegistered": 3,
    "passPercent": 100,
    "pendingPercent": 0,
    "other": 0,
    "hasOther": false,
    "skipped": 0,
    "hasSkipped": false
  },
  "results": [
    {
      "uuid": "1f8b79de-f44d-4a37-8b04-9b368b2d9e77",
      "title": "",
      "fullFile": "/home/hyper/Desktop/epams/unitTesting/test/isNumberEven.spec.js",
      "file": "/test/isNumberEven.spec.js",
      "beforeHooks": [],
      "afterHooks": [],
      "tests": [],
      "suites": [
        {
          "uuid": "65df1d0b-b584-47d1-9fb3-3b6c8d514644",
          "title": "isNumberEven positive tests",
          "fullFile": "/home/hyper/Desktop/epams/unitTesting/test/isNumberEven.spec.js",
          "file": "/test/isNumberEven.spec.js",
          "beforeHooks": [
            {
              "title": "\"before each\" hook in \"isNumberEven positive tests\"",
              "fullTitle": "isNumberEven positive tests \"before each\" hook in \"isNumberEven positive tests\"",
              "timedOut": false,
              "duration": 0,
              "state": null,
              "speed": null,
              "pass": false,
              "fail": false,
              "pending": false,
              "context": null,
              "code": "validator = new NumbersValidator();",
              "err": {},
              "uuid": "aa205d12-6945-42d9-b2f4-95e622fa1bc8",
              "parentUUID": "65df1d0b-b584-47d1-9fb3-3b6c8d514644",
              "isHook": true,
              "skipped": false
            }
          ],
          "afterHooks": [
            {
              "title": "\"after each\" hook in \"isNumberEven positive tests\"",
              "fullTitle": "isNumberEven positive tests \"after each\" hook in \"isNumberEven positive tests\"",
              "timedOut": false,
              "duration": 0,
              "state": null,
              "speed": null,
              "pass": false,
              "fail": false,
              "pending": false,
              "context": null,
              "code": "validator = null;",
              "err": {},
              "uuid": "5d91e9bf-7c96-4e2c-b533-e5ec41fca634",
              "parentUUID": "65df1d0b-b584-47d1-9fb3-3b6c8d514644",
              "isHook": true,
              "skipped": false
            }
          ],
          "tests": [],
          "suites": [
            {
              "uuid": "52350f26-08f1-48b0-b238-d8971f218b03",
              "title": "Positive tests",
              "fullFile": "/home/hyper/Desktop/epams/unitTesting/test/isNumberEven.spec.js",
              "file": "/test/isNumberEven.spec.js",
              "beforeHooks": [],
              "afterHooks": [],
              "tests": [
                {
                  "title": "Should return true when provided an even number",
                  "fullTitle": "isNumberEven positive tests Positive tests Should return true when provided an even number",
                  "timedOut": false,
                  "duration": 3,
                  "state": "passed",
                  "speed": "fast",
                  "pass": true,
                  "fail": false,
                  "pending": false,
                  "context": null,
                  "code": "const validationResults = validator.isNumberEven(4);\nexpect(validationResults).to.be.equal(true);",
                  "err": {},
                  "uuid": "cb7b2122-889a-4843-9369-8bf545672021",
                  "parentUUID": "52350f26-08f1-48b0-b238-d8971f218b03",
                  "isHook": false,
                  "skipped": false
                }
              ],
              "suites": [
                {
                  "uuid": "4321a0d3-983b-471f-bc0d-6a87d0418a88",
                  "title": "Negative tests",
                  "fullFile": "/home/hyper/Desktop/epams/unitTesting/test/isNumberEven.spec.js",
                  "file": "/test/isNumberEven.spec.js",
                  "beforeHooks": [],
                  "afterHooks": [],
                  "tests": [
                    {
                      "title": "Should return false when provided an odd number",
                      "fullTitle": "isNumberEven positive tests Positive tests Negative tests Should return false when provided an odd number",
                      "timedOut": false,
                      "duration": 0,
                      "state": "passed",
                      "speed": "fast",
                      "pass": true,
                      "fail": false,
                      "pending": false,
                      "context": null,
                      "code": "const validationResults = validator.isNumberEven(5);\nexpect(validationResults).to.be.equal(false);",
                      "err": {},
                      "uuid": "08b9e4a4-4612-4e77-a248-cfdd2e6b1a3b",
                      "parentUUID": "4321a0d3-983b-471f-bc0d-6a87d0418a88",
                      "isHook": false,
                      "skipped": false
                    },
                    {
                      "title": "Should throw error when provided not a number value",
                      "fullTitle": "isNumberEven positive tests Positive tests Negative tests Should throw error when provided not a number value",
                      "timedOut": false,
                      "duration": 2,
                      "state": "passed",
                      "speed": "fast",
                      "pass": true,
                      "fail": false,
                      "pending": false,
                      "context": null,
                      "code": "const input = 'four';\nexpect(() => {\n  validator.isNumberEven(input);\n}).to.throw(\n  `[${input}] is not of type \"Number\" it is of type \"${typeof input}\"`\n);",
                      "err": {},
                      "uuid": "1730d9aa-9989-4288-a673-655963884461",
                      "parentUUID": "4321a0d3-983b-471f-bc0d-6a87d0418a88",
                      "isHook": false,
                      "skipped": false
                    }
                  ],
                  "suites": [],
                  "passes": [
                    "08b9e4a4-4612-4e77-a248-cfdd2e6b1a3b",
                    "1730d9aa-9989-4288-a673-655963884461"
                  ],
                  "failures": [],
                  "pending": [],
                  "skipped": [],
                  "duration": 2,
                  "root": false,
                  "rootEmpty": false,
                  "_timeout": 2000
                }
              ],
              "passes": [
                "cb7b2122-889a-4843-9369-8bf545672021"
              ],
              "failures": [],
              "pending": [],
              "skipped": [],
              "duration": 3,
              "root": false,
              "rootEmpty": false,
              "_timeout": 2000
            }
          ],
          "passes": [],
          "failures": [],
          "pending": [],
          "skipped": [],
          "duration": 0,
          "root": false,
          "rootEmpty": false,
          "_timeout": 2000
        }
      ],
      "passes": [],
      "failures": [],
      "pending": [],
      "skipped": [],
      "duration": 0,
      "root": true,
      "rootEmpty": true,
      "_timeout": 2000
    }
  ],
  "meta": {
    "mocha": {
      "version": "10.7.3"
    },
    "mochawesome": {
      "options": {
        "quiet": false,
        "reportFilename": "mochawesome",
        "saveHtml": true,
        "saveJson": true,
        "consoleReporter": "spec",
        "useInlineDiffs": false,
        "code": true
      },
      "version": "7.1.3"
    },
    "marge": {
      "options": null,
      "version": "6.2.0"
    }
  }
}