{
  "stats": {
    "suites": 3,
    "tests": 3,
    "passes": 3,
    "pending": 0,
    "failures": 0,
    "start": "2024-10-23T18:09:13.215Z",
    "end": "2024-10-23T18:09:13.252Z",
    "duration": 37,
    "testsRegistered": 3,
    "passPercent": 100,
    "pendingPercent": 0,
    "other": 0,
    "hasOther": false,
    "skipped": 0,
    "hasSkipped": false
  },
  "results": [
    {
      "uuid": "c49ba8da-2eb0-4b36-b57f-c27d413de6a3",
      "title": "",
      "fullFile": "/home/hyper/Desktop/epams/unitTesting/test/isNumberEven.spec.js",
      "file": "/test/isNumberEven.spec.js",
      "beforeHooks": [],
      "afterHooks": [],
      "tests": [],
      "suites": [
        {
          "uuid": "c51398b5-14c2-433c-a5e4-21034c423216",
          "title": "isNumberEven positive tests",
          "fullFile": "/home/hyper/Desktop/epams/unitTesting/test/isNumberEven.spec.js",
          "file": "/test/isNumberEven.spec.js",
          "beforeHooks": [
            {
              "title": "\"before each\" hook in \"isNumberEven positive tests\"",
              "fullTitle": "isNumberEven positive tests \"before each\" hook in \"isNumberEven positive tests\"",
              "timedOut": false,
              "duration": 0,
              "state": null,
              "speed": null,
              "pass": false,
              "fail": false,
              "pending": false,
              "context": null,
              "code": "validator = new NumbersValidator();",
              "err": {},
              "uuid": "58a558cb-6885-49b8-b9b7-8b4f9ede17fb",
              "parentUUID": "c51398b5-14c2-433c-a5e4-21034c423216",
              "isHook": true,
              "skipped": false
            }
          ],
          "afterHooks": [
            {
              "title": "\"after each\" hook in \"isNumberEven positive tests\"",
              "fullTitle": "isNumberEven positive tests \"after each\" hook in \"isNumberEven positive tests\"",
              "timedOut": false,
              "duration": 0,
              "state": null,
              "speed": null,
              "pass": false,
              "fail": false,
              "pending": false,
              "context": null,
              "code": "validator = null;",
              "err": {},
              "uuid": "ee5cbd38-b7ea-4238-bfaf-cb3701d438cd",
              "parentUUID": "c51398b5-14c2-433c-a5e4-21034c423216",
              "isHook": true,
              "skipped": false
            }
          ],
          "tests": [],
          "suites": [
            {
              "uuid": "7990ec7b-bba8-4cf2-8cd7-6f0df0568bc9",
              "title": "Positive tests",
              "fullFile": "/home/hyper/Desktop/epams/unitTesting/test/isNumberEven.spec.js",
              "file": "/test/isNumberEven.spec.js",
              "beforeHooks": [],
              "afterHooks": [],
              "tests": [
                {
                  "title": "Should return true when provided an even number",
                  "fullTitle": "isNumberEven positive tests Positive tests Should return true when provided an even number",
                  "timedOut": false,
                  "duration": 2,
                  "state": "passed",
                  "speed": "fast",
                  "pass": true,
                  "fail": false,
                  "pending": false,
                  "context": null,
                  "code": "const validationResults = validator.isNumberEven(4);\nexpect(validationResults).to.be.equal(true);",
                  "err": {},
                  "uuid": "4c5160ed-6011-4752-82d0-6cd775122167",
                  "parentUUID": "7990ec7b-bba8-4cf2-8cd7-6f0df0568bc9",
                  "isHook": false,
                  "skipped": false
                }
              ],
              "suites": [
                {
                  "uuid": "c5653783-b251-4a08-9855-674246470da7",
                  "title": "Negative tests",
                  "fullFile": "/home/hyper/Desktop/epams/unitTesting/test/isNumberEven.spec.js",
                  "file": "/test/isNumberEven.spec.js",
                  "beforeHooks": [],
                  "afterHooks": [],
                  "tests": [
                    {
                      "title": "Should return false when provided an odd number",
                      "fullTitle": "isNumberEven positive tests Positive tests Negative tests Should return false when provided an odd number",
                      "timedOut": false,
                      "duration": 1,
                      "state": "passed",
                      "speed": "fast",
                      "pass": true,
                      "fail": false,
                      "pending": false,
                      "context": null,
                      "code": "const validationResults = validator.isNumberEven(5);\nexpect(validationResults).to.be.equal(false);",
                      "err": {},
                      "uuid": "610872d6-05da-4526-a673-d26c54452b7d",
                      "parentUUID": "c5653783-b251-4a08-9855-674246470da7",
                      "isHook": false,
                      "skipped": false
                    },
                    {
                      "title": "Should throw error when provided not a number value",
                      "fullTitle": "isNumberEven positive tests Positive tests Negative tests Should throw error when provided not a number value",
                      "timedOut": false,
                      "duration": 4,
                      "state": "passed",
                      "speed": "fast",
                      "pass": true,
                      "fail": false,
                      "pending": false,
                      "context": null,
                      "code": "const input = 'four';\nexpect(() => {\n  validator.isNumberEven(input);\n}).to.throw(\n  `[${input}] is not of type \"Number\" it is of type \"${typeof input}\"`\n);",
                      "err": {},
                      "uuid": "0347e3e2-c9b9-4b27-be65-7d10b0156d85",
                      "parentUUID": "c5653783-b251-4a08-9855-674246470da7",
                      "isHook": false,
                      "skipped": false
                    }
                  ],
                  "suites": [],
                  "passes": [
                    "610872d6-05da-4526-a673-d26c54452b7d",
                    "0347e3e2-c9b9-4b27-be65-7d10b0156d85"
                  ],
                  "failures": [],
                  "pending": [],
                  "skipped": [],
                  "duration": 5,
                  "root": false,
                  "rootEmpty": false,
                  "_timeout": 2000
                }
              ],
              "passes": [
                "4c5160ed-6011-4752-82d0-6cd775122167"
              ],
              "failures": [],
              "pending": [],
              "skipped": [],
              "duration": 2,
              "root": false,
              "rootEmpty": false,
              "_timeout": 2000
            }
          ],
          "passes": [],
          "failures": [],
          "pending": [],
          "skipped": [],
          "duration": 0,
          "root": false,
          "rootEmpty": false,
          "_timeout": 2000
        }
      ],
      "passes": [],
      "failures": [],
      "pending": [],
      "skipped": [],
      "duration": 0,
      "root": true,
      "rootEmpty": true,
      "_timeout": 2000
    }
  ],
  "meta": {
    "mocha": {
      "version": "10.7.3"
    },
    "mochawesome": {
      "options": {
        "quiet": false,
        "reportFilename": "mochawesome",
        "saveHtml": true,
        "saveJson": true,
        "consoleReporter": "spec",
        "useInlineDiffs": false,
        "code": true
      },
      "version": "7.1.3"
    },
    "marge": {
      "options": null,
      "version": "6.2.0"
    }
  }
}